[2025-05-23 14:42:39.860] [jointLog] [info] setting maxHashResizeThreads to 8
[2025-05-23 14:42:39.860] [jointLog] [info] Fragment incompatibility prior below threshold.  Incompatible fragments will be ignored.
[2025-05-23 14:42:39.860] [jointLog] [info] Usage of --validateMappings implies use of minScoreFraction. Since not explicitly specified, it is being set to 0.65
[2025-05-23 14:42:39.860] [jointLog] [info] Setting consensusSlack to selective-alignment default of 0.35.
[2025-05-23 14:42:39.860] [jointLog] [info] parsing read library format
[2025-05-23 14:42:39.860] [jointLog] [info] There is 1 library.
[2025-05-23 14:42:39.861] [jointLog] [info] Loading pufferfish index
[2025-05-23 14:42:39.861] [jointLog] [info] Loading dense pufferfish index.
[2025-05-23 14:42:39.988] [jointLog] [info] done
[2025-05-23 14:42:40.014] [jointLog] [info] Index contained 40,800 targets
[2025-05-23 14:42:40.019] [jointLog] [info] Number of decoys : 0
[2025-05-23 14:42:40.687] [jointLog] [info] Automatically detected most likely library type as ISR

[2025-05-23 14:43:45.181] [jointLog] [info] Thread saw mini-batch with a maximum of 0.60% zero probability fragments
[2025-05-23 14:43:45.181] [jointLog] [info] Thread saw mini-batch with a maximum of 0.64% zero probability fragments
[2025-05-23 14:43:45.192] [jointLog] [info] Thread saw mini-batch with a maximum of 0.60% zero probability fragments
[2025-05-23 14:43:45.208] [jointLog] [info] Thread saw mini-batch with a maximum of 0.58% zero probability fragments
[2025-05-23 14:43:45.220] [jointLog] [info] Thread saw mini-batch with a maximum of 0.62% zero probability fragments
[2025-05-23 14:43:45.222] [jointLog] [info] Thread saw mini-batch with a maximum of 0.62% zero probability fragments
[2025-05-23 14:43:45.240] [jointLog] [info] Thread saw mini-batch with a maximum of 0.60% zero probability fragments
[2025-05-23 14:43:45.246] [jointLog] [info] Thread saw mini-batch with a maximum of 0.64% zero probability fragments
[2025-05-23 14:43:45.281] [jointLog] [info] Computed 49,139 rich equivalence classes for further processing
[2025-05-23 14:43:45.281] [jointLog] [info] Counted 19,855,233 total reads in the equivalence classes 
[2025-05-23 14:43:45.285] [jointLog] [info] Number of mappings discarded because of alignment score : 9,690,687
[2025-05-23 14:43:45.285] [jointLog] [info] Number of fragments entirely discarded because of alignment score : 4,748,915
[2025-05-23 14:43:45.285] [jointLog] [info] Number of fragments discarded because they are best-mapped to decoys : 0
[2025-05-23 14:43:45.285] [jointLog] [info] Number of fragments discarded because they have only dovetail (discordant) mappings to valid targets : 879,485
[2025-05-23 14:43:45.285] [jointLog] [info] Mapping rate = 76.4723%

[2025-05-23 14:43:45.285] [jointLog] [info] finished quantifyLibrary()
[2025-05-23 14:43:45.287] [jointLog] [info] Starting optimizer
[2025-05-23 14:43:45.300] [jointLog] [info] Marked 0 weighted equivalence classes as degenerate
[2025-05-23 14:43:45.302] [jointLog] [info] iteration = 0 | max rel diff. = 17501.2
[2025-05-23 14:43:45.481] [jointLog] [info] iteration = 100 | max rel diff. = 14.2021
[2025-05-23 14:43:45.281] [fileLog] [info] 
At end of round 0
==================
Observed 25963950 total fragments (25963950 in most recent round)

[2025-05-23 14:43:45.639] [jointLog] [info] iteration = 200 | max rel diff. = 18.675
[2025-05-23 14:43:45.785] [jointLog] [info] iteration = 300 | max rel diff. = 14.4021
[2025-05-23 14:43:45.933] [jointLog] [info] iteration = 400 | max rel diff. = 0.736253
[2025-05-23 14:43:46.078] [jointLog] [info] iteration = 500 | max rel diff. = 8.01682
[2025-05-23 14:43:46.225] [jointLog] [info] iteration = 600 | max rel diff. = 0.187429
[2025-05-23 14:43:46.372] [jointLog] [info] iteration = 700 | max rel diff. = 0.0256803
[2025-05-23 14:43:46.517] [jointLog] [info] iteration = 800 | max rel diff. = 0.0608379
[2025-05-23 14:43:46.618] [jointLog] [info] iteration = 871 | max rel diff. = 0.00824213
[2025-05-23 14:43:46.619] [jointLog] [info] Finished optimizer
[2025-05-23 14:43:46.619] [jointLog] [info] writing output 

