[2025-05-23 14:32:16.997] [jointLog] [info] setting maxHashResizeThreads to 8
[2025-05-23 14:32:16.997] [jointLog] [info] Fragment incompatibility prior below threshold.  Incompatible fragments will be ignored.
[2025-05-23 14:32:16.997] [jointLog] [info] Usage of --validateMappings implies use of minScoreFraction. Since not explicitly specified, it is being set to 0.65
[2025-05-23 14:32:16.997] [jointLog] [info] Setting consensusSlack to selective-alignment default of 0.35.
[2025-05-23 14:32:16.997] [jointLog] [info] parsing read library format
[2025-05-23 14:32:16.997] [jointLog] [info] There is 1 library.
[2025-05-23 14:32:16.998] [jointLog] [info] Loading pufferfish index
[2025-05-23 14:32:16.998] [jointLog] [info] Loading dense pufferfish index.
[2025-05-23 14:32:17.136] [jointLog] [info] done
[2025-05-23 14:32:17.166] [jointLog] [info] Index contained 40,800 targets
[2025-05-23 14:32:17.172] [jointLog] [info] Number of decoys : 0
[2025-05-23 14:32:17.728] [jointLog] [info] Automatically detected most likely library type as ISR

[2025-05-23 14:33:25.350] [jointLog] [info] Thread saw mini-batch with a maximum of 0.66% zero probability fragments
[2025-05-23 14:33:25.363] [jointLog] [info] Thread saw mini-batch with a maximum of 0.54% zero probability fragments
[2025-05-23 14:33:25.370] [jointLog] [info] Thread saw mini-batch with a maximum of 0.64% zero probability fragments
[2025-05-23 14:33:25.384] [jointLog] [info] Thread saw mini-batch with a maximum of 0.56% zero probability fragments
[2025-05-23 14:33:25.398] [jointLog] [info] Thread saw mini-batch with a maximum of 0.78% zero probability fragments
[2025-05-23 14:33:25.409] [jointLog] [info] Thread saw mini-batch with a maximum of 0.62% zero probability fragments
[2025-05-23 14:33:25.419] [jointLog] [info] Thread saw mini-batch with a maximum of 0.58% zero probability fragments
[2025-05-23 14:33:25.421] [jointLog] [info] Thread saw mini-batch with a maximum of 0.58% zero probability fragments
[2025-05-23 14:33:25.454] [jointLog] [info] Computed 49,734 rich equivalence classes for further processing
[2025-05-23 14:33:25.454] [jointLog] [info] Counted 20,456,954 total reads in the equivalence classes 
[2025-05-23 14:33:25.458] [jointLog] [info] Number of mappings discarded because of alignment score : 10,734,199
[2025-05-23 14:33:25.458] [jointLog] [info] Number of fragments entirely discarded because of alignment score : 4,980,144
[2025-05-23 14:33:25.458] [jointLog] [info] Number of fragments discarded because they are best-mapped to decoys : 0
[2025-05-23 14:33:25.458] [jointLog] [info] Number of fragments discarded because they have only dovetail (discordant) mappings to valid targets : 899,595
[2025-05-23 14:33:25.458] [jointLog] [info] Mapping rate = 75.5025%

[2025-05-23 14:33:25.458] [jointLog] [info] finished quantifyLibrary()
[2025-05-23 14:33:25.460] [jointLog] [info] Starting optimizer
[2025-05-23 14:33:25.471] [jointLog] [info] Marked 0 weighted equivalence classes as degenerate
[2025-05-23 14:33:25.473] [jointLog] [info] iteration = 0 | max rel diff. = 29557.5
[2025-05-23 14:33:25.663] [jointLog] [info] iteration = 100 | max rel diff. = 15.4725
[2025-05-23 14:33:25.455] [fileLog] [info] 
At end of round 0
==================
Observed 27094389 total fragments (27094389 in most recent round)

[2025-05-23 14:33:25.838] [jointLog] [info] iteration = 200 | max rel diff. = 5.07491
[2025-05-23 14:33:25.991] [jointLog] [info] iteration = 300 | max rel diff. = 1.3804
[2025-05-23 14:33:26.142] [jointLog] [info] iteration = 400 | max rel diff. = 4.6631
[2025-05-23 14:33:26.294] [jointLog] [info] iteration = 500 | max rel diff. = 0.300717
[2025-05-23 14:33:26.445] [jointLog] [info] iteration = 600 | max rel diff. = 0.635647
[2025-05-23 14:33:26.594] [jointLog] [info] iteration = 700 | max rel diff. = 12.8114
[2025-05-23 14:33:26.745] [jointLog] [info] iteration = 800 | max rel diff. = 0.0138872
[2025-05-23 14:33:26.896] [jointLog] [info] iteration = 900 | max rel diff. = 0.0161409
[2025-05-23 14:33:27.047] [jointLog] [info] iteration = 1,000 | max rel diff. = 0.259066
[2025-05-23 14:33:27.081] [jointLog] [info] iteration = 1,024 | max rel diff. = 0.00925254
[2025-05-23 14:33:27.082] [jointLog] [info] Finished optimizer
[2025-05-23 14:33:27.082] [jointLog] [info] writing output 

