[2025-05-23 14:45:09.277] [jointLog] [info] setting maxHashResizeThreads to 8
[2025-05-23 14:45:09.277] [jointLog] [info] Fragment incompatibility prior below threshold.  Incompatible fragments will be ignored.
[2025-05-23 14:45:09.277] [jointLog] [info] Usage of --validateMappings implies use of minScoreFraction. Since not explicitly specified, it is being set to 0.65
[2025-05-23 14:45:09.277] [jointLog] [info] Setting consensusSlack to selective-alignment default of 0.35.
[2025-05-23 14:45:09.277] [jointLog] [info] parsing read library format
[2025-05-23 14:45:09.277] [jointLog] [info] There is 1 library.
[2025-05-23 14:45:09.277] [jointLog] [info] Loading pufferfish index
[2025-05-23 14:45:09.278] [jointLog] [info] Loading dense pufferfish index.
[2025-05-23 14:45:09.402] [jointLog] [info] done
[2025-05-23 14:45:09.428] [jointLog] [info] Index contained 40,800 targets
[2025-05-23 14:45:09.433] [jointLog] [info] Number of decoys : 0
[2025-05-23 14:45:09.958] [jointLog] [info] Automatically detected most likely library type as ISR

[2025-05-23 14:46:25.620] [jointLog] [info] Thread saw mini-batch with a maximum of 0.94% zero probability fragments
[2025-05-23 14:46:25.630] [jointLog] [info] Thread saw mini-batch with a maximum of 1.00% zero probability fragments
[2025-05-23 14:46:25.633] [jointLog] [info] Thread saw mini-batch with a maximum of 0.92% zero probability fragments
[2025-05-23 14:46:25.633] [jointLog] [info] Thread saw mini-batch with a maximum of 0.94% zero probability fragments
[2025-05-23 14:46:25.653] [jointLog] [info] Thread saw mini-batch with a maximum of 0.88% zero probability fragments
[2025-05-23 14:46:25.662] [jointLog] [info] Thread saw mini-batch with a maximum of 0.96% zero probability fragments
[2025-05-23 14:46:25.664] [jointLog] [info] Thread saw mini-batch with a maximum of 0.90% zero probability fragments
[2025-05-23 14:46:25.684] [jointLog] [info] Thread saw mini-batch with a maximum of 0.92% zero probability fragments
[2025-05-23 14:46:25.720] [jointLog] [info] Computed 50,909 rich equivalence classes for further processing
[2025-05-23 14:46:25.720] [jointLog] [info] Counted 25,960,784 total reads in the equivalence classes 
[2025-05-23 14:46:25.725] [jointLog] [info] Number of mappings discarded because of alignment score : 10,930,849
[2025-05-23 14:46:25.725] [jointLog] [info] Number of fragments entirely discarded because of alignment score : 6,823,949
[2025-05-23 14:46:25.725] [jointLog] [info] Number of fragments discarded because they are best-mapped to decoys : 0
[2025-05-23 14:46:25.725] [jointLog] [info] Number of fragments discarded because they have only dovetail (discordant) mappings to valid targets : 1,364,933
[2025-05-23 14:46:25.725] [jointLog] [info] Mapping rate = 74.4795%

[2025-05-23 14:46:25.725] [jointLog] [info] finished quantifyLibrary()
[2025-05-23 14:46:25.727] [jointLog] [info] Starting optimizer
[2025-05-23 14:46:25.740] [jointLog] [info] Marked 0 weighted equivalence classes as degenerate
[2025-05-23 14:46:25.742] [jointLog] [info] iteration = 0 | max rel diff. = 23977.4
[2025-05-23 14:46:25.958] [jointLog] [info] iteration = 100 | max rel diff. = 7.23766
[2025-05-23 14:46:25.721] [fileLog] [info] 
At end of round 0
==================
Observed 34856261 total fragments (34856261 in most recent round)

[2025-05-23 14:46:26.107] [jointLog] [info] iteration = 200 | max rel diff. = 4.00034
[2025-05-23 14:46:26.253] [jointLog] [info] iteration = 300 | max rel diff. = 3.94977
[2025-05-23 14:46:26.399] [jointLog] [info] iteration = 400 | max rel diff. = 0.67776
[2025-05-23 14:46:26.546] [jointLog] [info] iteration = 500 | max rel diff. = 0.254266
[2025-05-23 14:46:26.693] [jointLog] [info] iteration = 600 | max rel diff. = 0.116758
[2025-05-23 14:46:26.838] [jointLog] [info] iteration = 700 | max rel diff. = 0.118734
[2025-05-23 14:46:26.984] [jointLog] [info] iteration = 800 | max rel diff. = 0.110754
[2025-05-23 14:46:27.130] [jointLog] [info] iteration = 900 | max rel diff. = 0.162877
[2025-05-23 14:46:27.277] [jointLog] [info] iteration = 1,000 | max rel diff. = 0.280849
[2025-05-23 14:46:27.324] [jointLog] [info] iteration = 1,033 | max rel diff. = 0.00661346
[2025-05-23 14:46:27.325] [jointLog] [info] Finished optimizer
[2025-05-23 14:46:27.325] [jointLog] [info] writing output 

