[2025-05-23 14:56:39.830] [jointLog] [info] setting maxHashResizeThreads to 8
[2025-05-23 14:56:39.830] [jointLog] [info] Fragment incompatibility prior below threshold.  Incompatible fragments will be ignored.
[2025-05-23 14:56:39.830] [jointLog] [info] Usage of --validateMappings implies use of minScoreFraction. Since not explicitly specified, it is being set to 0.65
[2025-05-23 14:56:39.830] [jointLog] [info] Setting consensusSlack to selective-alignment default of 0.35.
[2025-05-23 14:56:39.830] [jointLog] [info] parsing read library format
[2025-05-23 14:56:39.830] [jointLog] [info] There is 1 library.
[2025-05-23 14:56:39.848] [jointLog] [info] Loading pufferfish index
[2025-05-23 14:56:39.849] [jointLog] [info] Loading dense pufferfish index.
[2025-05-23 14:56:40.006] [jointLog] [info] done
[2025-05-23 14:56:40.029] [jointLog] [info] Index contained 40,800 targets
[2025-05-23 14:56:40.035] [jointLog] [info] Number of decoys : 0
[2025-05-23 14:56:40.567] [jointLog] [info] Automatically detected most likely library type as ISR

[2025-05-23 14:57:55.997] [jointLog] [info] Thread saw mini-batch with a maximum of 0.96% zero probability fragments
[2025-05-23 14:57:56.012] [jointLog] [info] Thread saw mini-batch with a maximum of 1.00% zero probability fragments
[2025-05-23 14:57:56.028] [jointLog] [info] Thread saw mini-batch with a maximum of 1.00% zero probability fragments
[2025-05-23 14:57:56.029] [jointLog] [info] Thread saw mini-batch with a maximum of 1.04% zero probability fragments
[2025-05-23 14:57:56.044] [jointLog] [info] Thread saw mini-batch with a maximum of 1.02% zero probability fragments
[2025-05-23 14:57:56.047] [jointLog] [info] Thread saw mini-batch with a maximum of 1.08% zero probability fragments
[2025-05-23 14:57:56.057] [jointLog] [info] Thread saw mini-batch with a maximum of 1.00% zero probability fragments
[2025-05-23 14:57:56.067] [jointLog] [info] Thread saw mini-batch with a maximum of 1.06% zero probability fragments
[2025-05-23 14:57:56.106] [jointLog] [info] Computed 53,316 rich equivalence classes for further processing
[2025-05-23 14:57:56.106] [jointLog] [info] Counted 25,882,044 total reads in the equivalence classes 
[2025-05-23 14:57:56.112] [jointLog] [info] Number of mappings discarded because of alignment score : 12,787,605
[2025-05-23 14:57:56.112] [jointLog] [info] Number of fragments entirely discarded because of alignment score : 6,327,947
[2025-05-23 14:57:56.112] [jointLog] [info] Number of fragments discarded because they are best-mapped to decoys : 0
[2025-05-23 14:57:56.112] [jointLog] [info] Number of fragments discarded because they have only dovetail (discordant) mappings to valid targets : 1,156,037
[2025-05-23 14:57:56.112] [jointLog] [info] Mapping rate = 76.026%

[2025-05-23 14:57:56.112] [jointLog] [info] finished quantifyLibrary()
[2025-05-23 14:57:56.114] [jointLog] [info] Starting optimizer
[2025-05-23 14:57:56.128] [jointLog] [info] Marked 0 weighted equivalence classes as degenerate
[2025-05-23 14:57:56.130] [jointLog] [info] iteration = 0 | max rel diff. = 3658.42
[2025-05-23 14:57:56.322] [jointLog] [info] iteration = 100 | max rel diff. = 12.2263
[2025-05-23 14:57:56.486] [jointLog] [info] iteration = 200 | max rel diff. = 19.7216
[2025-05-23 14:57:56.107] [fileLog] [info] 
At end of round 0
==================
Observed 34043668 total fragments (34043668 in most recent round)

[2025-05-23 14:57:56.651] [jointLog] [info] iteration = 300 | max rel diff. = 4.37973
[2025-05-23 14:57:56.807] [jointLog] [info] iteration = 400 | max rel diff. = 3.59325
[2025-05-23 14:57:56.957] [jointLog] [info] iteration = 500 | max rel diff. = 0.0803613
[2025-05-23 14:57:57.110] [jointLog] [info] iteration = 600 | max rel diff. = 0.609244
[2025-05-23 14:57:57.267] [jointLog] [info] iteration = 700 | max rel diff. = 0.0349743
[2025-05-23 14:57:57.420] [jointLog] [info] iteration = 800 | max rel diff. = 0.227269
[2025-05-23 14:57:57.573] [jointLog] [info] iteration = 900 | max rel diff. = 0.0377103
[2025-05-23 14:57:57.701] [jointLog] [info] iteration = 985 | max rel diff. = 0.00378484
[2025-05-23 14:57:57.702] [jointLog] [info] Finished optimizer
[2025-05-23 14:57:57.702] [jointLog] [info] writing output 

