[2025-05-23 14:38:03.171] [jointLog] [info] setting maxHashResizeThreads to 8
[2025-05-23 14:38:03.171] [jointLog] [info] Fragment incompatibility prior below threshold.  Incompatible fragments will be ignored.
[2025-05-23 14:38:03.171] [jointLog] [info] Usage of --validateMappings implies use of minScoreFraction. Since not explicitly specified, it is being set to 0.65
[2025-05-23 14:38:03.171] [jointLog] [info] Setting consensusSlack to selective-alignment default of 0.35.
[2025-05-23 14:38:03.171] [jointLog] [info] parsing read library format
[2025-05-23 14:38:03.171] [jointLog] [info] There is 1 library.
[2025-05-23 14:38:03.172] [jointLog] [info] Loading pufferfish index
[2025-05-23 14:38:03.172] [jointLog] [info] Loading dense pufferfish index.
[2025-05-23 14:38:03.297] [jointLog] [info] done
[2025-05-23 14:38:03.326] [jointLog] [info] Index contained 40,800 targets
[2025-05-23 14:38:03.331] [jointLog] [info] Number of decoys : 0
[2025-05-23 14:38:03.914] [jointLog] [info] Automatically detected most likely library type as ISR

[2025-05-23 14:39:06.828] [jointLog] [info] Thread saw mini-batch with a maximum of 0.62% zero probability fragments
[2025-05-23 14:39:06.836] [jointLog] [info] Thread saw mini-batch with a maximum of 0.62% zero probability fragments
[2025-05-23 14:39:06.845] [jointLog] [info] Thread saw mini-batch with a maximum of 0.62% zero probability fragments
[2025-05-23 14:39:06.855] [jointLog] [info] Thread saw mini-batch with a maximum of 0.64% zero probability fragments
[2025-05-23 14:39:06.880] [jointLog] [info] Thread saw mini-batch with a maximum of 0.70% zero probability fragments
[2025-05-23 14:39:06.881] [jointLog] [info] Thread saw mini-batch with a maximum of 0.64% zero probability fragments
[2025-05-23 14:39:06.895] [jointLog] [info] Thread saw mini-batch with a maximum of 0.64% zero probability fragments
[2025-05-23 14:39:06.897] [jointLog] [info] Thread saw mini-batch with a maximum of 0.60% zero probability fragments
[2025-05-23 14:39:06.931] [jointLog] [info] Computed 47,956 rich equivalence classes for further processing
[2025-05-23 14:39:06.931] [jointLog] [info] Counted 18,238,470 total reads in the equivalence classes 
[2025-05-23 14:39:06.935] [jointLog] [info] Number of mappings discarded because of alignment score : 10,246,178
[2025-05-23 14:39:06.935] [jointLog] [info] Number of fragments entirely discarded because of alignment score : 4,797,638
[2025-05-23 14:39:06.935] [jointLog] [info] Number of fragments discarded because they are best-mapped to decoys : 0
[2025-05-23 14:39:06.935] [jointLog] [info] Number of fragments discarded because they have only dovetail (discordant) mappings to valid targets : 938,761
[2025-05-23 14:39:06.935] [jointLog] [info] Mapping rate = 74.0698%

[2025-05-23 14:39:06.935] [jointLog] [info] finished quantifyLibrary()
[2025-05-23 14:39:06.936] [jointLog] [info] Starting optimizer
[2025-05-23 14:39:06.947] [jointLog] [info] Marked 0 weighted equivalence classes as degenerate
[2025-05-23 14:39:06.950] [jointLog] [info] iteration = 0 | max rel diff. = 20917.5
[2025-05-23 14:39:07.117] [jointLog] [info] iteration = 100 | max rel diff. = 17.3394
[2025-05-23 14:39:07.262] [jointLog] [info] iteration = 200 | max rel diff. = 2.0333
[2025-05-23 14:39:06.931] [fileLog] [info] 
At end of round 0
==================
Observed 24623366 total fragments (24623366 in most recent round)

[2025-05-23 14:39:07.395] [jointLog] [info] iteration = 300 | max rel diff. = 1.91701
[2025-05-23 14:39:07.526] [jointLog] [info] iteration = 400 | max rel diff. = 1.45169
[2025-05-23 14:39:07.656] [jointLog] [info] iteration = 500 | max rel diff. = 3.20544
[2025-05-23 14:39:07.786] [jointLog] [info] iteration = 600 | max rel diff. = 0.751127
[2025-05-23 14:39:07.917] [jointLog] [info] iteration = 700 | max rel diff. = 0.0585426
[2025-05-23 14:39:08.047] [jointLog] [info] iteration = 800 | max rel diff. = 0.142382
[2025-05-23 14:39:08.159] [jointLog] [info] iteration = 887 | max rel diff. = 0.006596
[2025-05-23 14:39:08.160] [jointLog] [info] Finished optimizer
[2025-05-23 14:39:08.160] [jointLog] [info] writing output 

