[2025-05-23 14:49:00.001] [jointLog] [info] setting maxHashResizeThreads to 8
[2025-05-23 14:49:00.001] [jointLog] [info] Fragment incompatibility prior below threshold.  Incompatible fragments will be ignored.
[2025-05-23 14:49:00.001] [jointLog] [info] Usage of --validateMappings implies use of minScoreFraction. Since not explicitly specified, it is being set to 0.65
[2025-05-23 14:49:00.001] [jointLog] [info] Setting consensusSlack to selective-alignment default of 0.35.
[2025-05-23 14:49:00.001] [jointLog] [info] parsing read library format
[2025-05-23 14:49:00.001] [jointLog] [info] There is 1 library.
[2025-05-23 14:49:00.002] [jointLog] [info] Loading pufferfish index
[2025-05-23 14:49:00.002] [jointLog] [info] Loading dense pufferfish index.
[2025-05-23 14:49:00.125] [jointLog] [info] done
[2025-05-23 14:49:00.151] [jointLog] [info] Index contained 40,800 targets
[2025-05-23 14:49:00.156] [jointLog] [info] Number of decoys : 0
[2025-05-23 14:49:00.798] [jointLog] [info] Automatically detected most likely library type as ISR

[2025-05-23 14:50:09.684] [jointLog] [info] Thread saw mini-batch with a maximum of 0.68% zero probability fragments
[2025-05-23 14:50:09.688] [jointLog] [info] Thread saw mini-batch with a maximum of 0.68% zero probability fragments
[2025-05-23 14:50:09.688] [jointLog] [info] Thread saw mini-batch with a maximum of 0.68% zero probability fragments
[2025-05-23 14:50:09.699] [jointLog] [info] Thread saw mini-batch with a maximum of 0.78% zero probability fragments
[2025-05-23 14:50:09.724] [jointLog] [info] Thread saw mini-batch with a maximum of 0.66% zero probability fragments
[2025-05-23 14:50:09.752] [jointLog] [info] Thread saw mini-batch with a maximum of 0.72% zero probability fragments
[2025-05-23 14:50:09.767] [jointLog] [info] Thread saw mini-batch with a maximum of 0.66% zero probability fragments
[2025-05-23 14:50:09.785] [jointLog] [info] Thread saw mini-batch with a maximum of 0.66% zero probability fragments
[2025-05-23 14:50:09.820] [jointLog] [info] Computed 49,397 rich equivalence classes for further processing
[2025-05-23 14:50:09.820] [jointLog] [info] Counted 20,266,402 total reads in the equivalence classes 
[2025-05-23 14:50:09.825] [jointLog] [info] Number of mappings discarded because of alignment score : 10,358,311
[2025-05-23 14:50:09.825] [jointLog] [info] Number of fragments entirely discarded because of alignment score : 5,057,567
[2025-05-23 14:50:09.825] [jointLog] [info] Number of fragments discarded because they are best-mapped to decoys : 0
[2025-05-23 14:50:09.825] [jointLog] [info] Number of fragments discarded because they have only dovetail (discordant) mappings to valid targets : 935,276
[2025-05-23 14:50:09.825] [jointLog] [info] Mapping rate = 75.3704%

[2025-05-23 14:50:09.825] [jointLog] [info] finished quantifyLibrary()
[2025-05-23 14:50:09.845] [jointLog] [info] Starting optimizer
[2025-05-23 14:50:09.856] [jointLog] [info] Marked 0 weighted equivalence classes as degenerate
[2025-05-23 14:50:09.858] [jointLog] [info] iteration = 0 | max rel diff. = 15180.5
[2025-05-23 14:50:10.044] [jointLog] [info] iteration = 100 | max rel diff. = 17.4539
[2025-05-23 14:50:10.200] [jointLog] [info] iteration = 200 | max rel diff. = 5.31057
[2025-05-23 14:50:09.821] [fileLog] [info] 
At end of round 0
==================
Observed 26889089 total fragments (26889089 in most recent round)

[2025-05-23 14:50:10.345] [jointLog] [info] iteration = 300 | max rel diff. = 2.07358
[2025-05-23 14:50:10.489] [jointLog] [info] iteration = 400 | max rel diff. = 0.259249
[2025-05-23 14:50:10.634] [jointLog] [info] iteration = 500 | max rel diff. = 2.03018
[2025-05-23 14:50:10.779] [jointLog] [info] iteration = 600 | max rel diff. = 0.156972
[2025-05-23 14:50:10.924] [jointLog] [info] iteration = 700 | max rel diff. = 0.0519803
[2025-05-23 14:50:11.070] [jointLog] [info] iteration = 800 | max rel diff. = 0.119816
[2025-05-23 14:50:11.215] [jointLog] [info] iteration = 900 | max rel diff. = 0.912921
[2025-05-23 14:50:11.359] [jointLog] [info] iteration = 1,000 | max rel diff. = 0.0282845
[2025-05-23 14:50:11.504] [jointLog] [info] iteration = 1,100 | max rel diff. = 0.168809
[2025-05-23 14:50:11.557] [jointLog] [info] iteration = 1,138 | max rel diff. = 0.00659846
[2025-05-23 14:50:11.558] [jointLog] [info] Finished optimizer
[2025-05-23 14:50:11.558] [jointLog] [info] writing output 

