[2025-05-23 14:33:27.889] [jointLog] [info] setting maxHashResizeThreads to 8
[2025-05-23 14:33:27.889] [jointLog] [info] Fragment incompatibility prior below threshold.  Incompatible fragments will be ignored.
[2025-05-23 14:33:27.889] [jointLog] [info] Usage of --validateMappings implies use of minScoreFraction. Since not explicitly specified, it is being set to 0.65
[2025-05-23 14:33:27.889] [jointLog] [info] Setting consensusSlack to selective-alignment default of 0.35.
[2025-05-23 14:33:27.889] [jointLog] [info] parsing read library format
[2025-05-23 14:33:27.889] [jointLog] [info] There is 1 library.
[2025-05-23 14:33:27.890] [jointLog] [info] Loading pufferfish index
[2025-05-23 14:33:27.890] [jointLog] [info] Loading dense pufferfish index.
[2025-05-23 14:33:28.013] [jointLog] [info] done
[2025-05-23 14:33:28.039] [jointLog] [info] Index contained 40,800 targets
[2025-05-23 14:33:28.044] [jointLog] [info] Number of decoys : 0
[2025-05-23 14:33:28.576] [jointLog] [info] Automatically detected most likely library type as ISR

[2025-05-23 14:34:42.349] [jointLog] [info] Thread saw mini-batch with a maximum of 1.00% zero probability fragments
[2025-05-23 14:34:42.354] [jointLog] [info] Thread saw mini-batch with a maximum of 0.94% zero probability fragments
[2025-05-23 14:34:42.361] [jointLog] [info] Thread saw mini-batch with a maximum of 0.94% zero probability fragments
[2025-05-23 14:34:42.373] [jointLog] [info] Thread saw mini-batch with a maximum of 1.06% zero probability fragments
[2025-05-23 14:34:42.386] [jointLog] [info] Thread saw mini-batch with a maximum of 1.04% zero probability fragments
[2025-05-23 14:34:42.396] [jointLog] [info] Thread saw mini-batch with a maximum of 1.02% zero probability fragments
[2025-05-23 14:34:42.416] [jointLog] [info] Thread saw mini-batch with a maximum of 1.12% zero probability fragments
[2025-05-23 14:34:42.440] [jointLog] [info] Thread saw mini-batch with a maximum of 1.06% zero probability fragments
[2025-05-23 14:34:42.477] [jointLog] [info] Computed 51,655 rich equivalence classes for further processing
[2025-05-23 14:34:42.477] [jointLog] [info] Counted 25,067,151 total reads in the equivalence classes 
[2025-05-23 14:34:42.482] [jointLog] [info] Number of mappings discarded because of alignment score : 12,822,461
[2025-05-23 14:34:42.482] [jointLog] [info] Number of fragments entirely discarded because of alignment score : 5,656,746
[2025-05-23 14:34:42.482] [jointLog] [info] Number of fragments discarded because they are best-mapped to decoys : 0
[2025-05-23 14:34:42.482] [jointLog] [info] Number of fragments discarded because they have only dovetail (discordant) mappings to valid targets : 1,513,775
[2025-05-23 14:34:42.482] [jointLog] [info] Mapping rate = 76.5865%

[2025-05-23 14:34:42.482] [jointLog] [info] finished quantifyLibrary()
[2025-05-23 14:34:42.483] [jointLog] [info] Starting optimizer
[2025-05-23 14:34:42.498] [jointLog] [info] Marked 0 weighted equivalence classes as degenerate
[2025-05-23 14:34:42.500] [jointLog] [info] iteration = 0 | max rel diff. = 29616
[2025-05-23 14:34:42.478] [fileLog] [info] 
At end of round 0
==================
Observed 32730522 total fragments (32730522 in most recent round)

[2025-05-23 14:34:42.677] [jointLog] [info] iteration = 100 | max rel diff. = 17.5841
[2025-05-23 14:34:42.836] [jointLog] [info] iteration = 200 | max rel diff. = 4.57955
[2025-05-23 14:34:42.995] [jointLog] [info] iteration = 300 | max rel diff. = 0.739308
[2025-05-23 14:34:43.154] [jointLog] [info] iteration = 400 | max rel diff. = 0.275627
[2025-05-23 14:34:43.313] [jointLog] [info] iteration = 500 | max rel diff. = 0.285101
[2025-05-23 14:34:43.471] [jointLog] [info] iteration = 600 | max rel diff. = 0.29424
[2025-05-23 14:34:43.629] [jointLog] [info] iteration = 700 | max rel diff. = 1.06543
[2025-05-23 14:34:43.788] [jointLog] [info] iteration = 800 | max rel diff. = 0.0599385
[2025-05-23 14:34:43.946] [jointLog] [info] iteration = 900 | max rel diff. = 0.0387789
[2025-05-23 14:34:44.104] [jointLog] [info] iteration = 1,000 | max rel diff. = 0.0584073
[2025-05-23 14:34:44.228] [jointLog] [info] iteration = 1,079 | max rel diff. = 0.00457941
[2025-05-23 14:34:44.229] [jointLog] [info] Finished optimizer
[2025-05-23 14:34:44.229] [jointLog] [info] writing output 

