[2025-05-23 14:31:15.449] [jointLog] [info] setting maxHashResizeThreads to 8
[2025-05-23 14:31:15.449] [jointLog] [info] Fragment incompatibility prior below threshold.  Incompatible fragments will be ignored.
[2025-05-23 14:31:15.449] [jointLog] [info] Usage of --validateMappings implies use of minScoreFraction. Since not explicitly specified, it is being set to 0.65
[2025-05-23 14:31:15.449] [jointLog] [info] Setting consensusSlack to selective-alignment default of 0.35.
[2025-05-23 14:31:15.449] [jointLog] [info] parsing read library format
[2025-05-23 14:31:15.449] [jointLog] [info] There is 1 library.
[2025-05-23 14:31:15.450] [jointLog] [info] Loading pufferfish index
[2025-05-23 14:31:15.450] [jointLog] [info] Loading dense pufferfish index.
[2025-05-23 14:31:15.575] [jointLog] [info] done
[2025-05-23 14:31:15.601] [jointLog] [info] Index contained 40,800 targets
[2025-05-23 14:31:15.606] [jointLog] [info] Number of decoys : 0
[2025-05-23 14:31:16.219] [jointLog] [info] Automatically detected most likely library type as ISR

[2025-05-23 14:32:13.781] [jointLog] [info] Thread saw mini-batch with a maximum of 0.66% zero probability fragments
[2025-05-23 14:32:13.791] [jointLog] [info] Thread saw mini-batch with a maximum of 0.64% zero probability fragments
[2025-05-23 14:32:13.801] [jointLog] [info] Thread saw mini-batch with a maximum of 0.56% zero probability fragments
[2025-05-23 14:32:13.806] [jointLog] [info] Thread saw mini-batch with a maximum of 0.64% zero probability fragments
[2025-05-23 14:32:13.807] [jointLog] [info] Thread saw mini-batch with a maximum of 0.62% zero probability fragments
[2025-05-23 14:32:13.820] [jointLog] [info] Thread saw mini-batch with a maximum of 0.54% zero probability fragments
[2025-05-23 14:32:13.828] [jointLog] [info] Thread saw mini-batch with a maximum of 0.60% zero probability fragments
[2025-05-23 14:32:13.842] [jointLog] [info] Thread saw mini-batch with a maximum of 0.66% zero probability fragments
[2025-05-23 14:32:13.876] [jointLog] [info] Computed 48,644 rich equivalence classes for further processing
[2025-05-23 14:32:13.876] [jointLog] [info] Counted 16,975,010 total reads in the equivalence classes 
[2025-05-23 14:32:13.880] [jointLog] [info] Number of mappings discarded because of alignment score : 9,056,154
[2025-05-23 14:32:13.880] [jointLog] [info] Number of fragments entirely discarded because of alignment score : 4,002,406
[2025-05-23 14:32:13.880] [jointLog] [info] Number of fragments discarded because they are best-mapped to decoys : 0
[2025-05-23 14:32:13.880] [jointLog] [info] Number of fragments discarded because they have only dovetail (discordant) mappings to valid targets : 830,866
[2025-05-23 14:32:13.880] [jointLog] [info] Mapping rate = 75.5769%

[2025-05-23 14:32:13.880] [jointLog] [info] finished quantifyLibrary()
[2025-05-23 14:32:13.882] [jointLog] [info] Starting optimizer
[2025-05-23 14:32:13.894] [jointLog] [info] Marked 0 weighted equivalence classes as degenerate
[2025-05-23 14:32:13.896] [jointLog] [info] iteration = 0 | max rel diff. = 15493.5
[2025-05-23 14:32:14.016] [jointLog] [info] iteration = 100 | max rel diff. = 17.7079
[2025-05-23 14:32:14.151] [jointLog] [info] iteration = 200 | max rel diff. = 7.2773
[2025-05-23 14:32:13.877] [fileLog] [info] 
At end of round 0
==================
Observed 22460578 total fragments (22460578 in most recent round)

[2025-05-23 14:32:14.286] [jointLog] [info] iteration = 300 | max rel diff. = 2.73669
[2025-05-23 14:32:14.429] [jointLog] [info] iteration = 400 | max rel diff. = 0.422323
[2025-05-23 14:32:14.576] [jointLog] [info] iteration = 500 | max rel diff. = 0.553378
[2025-05-23 14:32:14.724] [jointLog] [info] iteration = 600 | max rel diff. = 0.434538
[2025-05-23 14:32:14.872] [jointLog] [info] iteration = 700 | max rel diff. = 0.0533398
[2025-05-23 14:32:15.020] [jointLog] [info] iteration = 800 | max rel diff. = 0.0804825
[2025-05-23 14:32:15.168] [jointLog] [info] iteration = 900 | max rel diff. = 0.35483
[2025-05-23 14:32:15.314] [jointLog] [info] iteration = 1,000 | max rel diff. = 0.0287378
[2025-05-23 14:32:15.462] [jointLog] [info] iteration = 1,100 | max rel diff. = 0.0762791
[2025-05-23 14:32:15.608] [jointLog] [info] iteration = 1,200 | max rel diff. = 0.219485
[2025-05-23 14:32:15.680] [jointLog] [info] iteration = 1,250 | max rel diff. = 0.00894224
[2025-05-23 14:32:15.681] [jointLog] [info] Finished optimizer
[2025-05-23 14:32:15.681] [jointLog] [info] writing output 

