[2025-05-23 15:12:04.983] [jointLog] [info] setting maxHashResizeThreads to 8
[2025-05-23 15:12:04.983] [jointLog] [info] Fragment incompatibility prior below threshold.  Incompatible fragments will be ignored.
[2025-05-23 15:12:04.983] [jointLog] [info] Usage of --validateMappings implies use of minScoreFraction. Since not explicitly specified, it is being set to 0.65
[2025-05-23 15:12:04.983] [jointLog] [info] Setting consensusSlack to selective-alignment default of 0.35.
[2025-05-23 15:12:04.983] [jointLog] [info] parsing read library format
[2025-05-23 15:12:04.983] [jointLog] [info] There is 1 library.
[2025-05-23 15:12:04.984] [jointLog] [info] Loading pufferfish index
[2025-05-23 15:12:04.984] [jointLog] [info] Loading dense pufferfish index.
[2025-05-23 15:12:05.210] [jointLog] [info] done
[2025-05-23 15:12:05.233] [jointLog] [info] Index contained 40,800 targets
[2025-05-23 15:12:05.238] [jointLog] [info] Number of decoys : 0
[2025-05-23 15:12:05.929] [jointLog] [info] Automatically detected most likely library type as ISR

[2025-05-23 15:13:06.861] [jointLog] [info] Thread saw mini-batch with a maximum of 0.58% zero probability fragments
[2025-05-23 15:13:06.869] [jointLog] [info] Thread saw mini-batch with a maximum of 0.72% zero probability fragments
[2025-05-23 15:13:06.888] [jointLog] [info] Thread saw mini-batch with a maximum of 0.60% zero probability fragments
[2025-05-23 15:13:06.888] [jointLog] [info] Thread saw mini-batch with a maximum of 0.64% zero probability fragments
[2025-05-23 15:13:06.908] [jointLog] [info] Thread saw mini-batch with a maximum of 0.56% zero probability fragments
[2025-05-23 15:13:06.917] [jointLog] [info] Thread saw mini-batch with a maximum of 0.60% zero probability fragments
[2025-05-23 15:13:06.923] [jointLog] [info] Thread saw mini-batch with a maximum of 0.62% zero probability fragments
[2025-05-23 15:13:06.946] [jointLog] [info] Thread saw mini-batch with a maximum of 0.66% zero probability fragments
[2025-05-23 15:13:06.981] [jointLog] [info] Computed 48,942 rich equivalence classes for further processing
[2025-05-23 15:13:06.981] [jointLog] [info] Counted 19,036,176 total reads in the equivalence classes 
[2025-05-23 15:13:06.986] [jointLog] [info] Number of mappings discarded because of alignment score : 9,505,339
[2025-05-23 15:13:06.986] [jointLog] [info] Number of fragments entirely discarded because of alignment score : 4,547,729
[2025-05-23 15:13:06.986] [jointLog] [info] Number of fragments discarded because they are best-mapped to decoys : 0
[2025-05-23 15:13:06.986] [jointLog] [info] Number of fragments discarded because they have only dovetail (discordant) mappings to valid targets : 899,218
[2025-05-23 15:13:06.986] [jointLog] [info] Mapping rate = 76.5694%

[2025-05-23 15:13:06.986] [jointLog] [info] finished quantifyLibrary()
[2025-05-23 15:13:06.988] [jointLog] [info] Starting optimizer
[2025-05-23 15:13:07.000] [jointLog] [info] Marked 0 weighted equivalence classes as degenerate
[2025-05-23 15:13:07.002] [jointLog] [info] iteration = 0 | max rel diff. = 27414.3
[2025-05-23 15:13:07.183] [jointLog] [info] iteration = 100 | max rel diff. = 8.6519
[2025-05-23 15:13:06.981] [fileLog] [info] 
At end of round 0
==================
Observed 24861325 total fragments (24861325 in most recent round)

[2025-05-23 15:13:07.327] [jointLog] [info] iteration = 200 | max rel diff. = 3.18319
[2025-05-23 15:13:07.469] [jointLog] [info] iteration = 300 | max rel diff. = 20.7622
[2025-05-23 15:13:07.612] [jointLog] [info] iteration = 400 | max rel diff. = 9.80614
[2025-05-23 15:13:07.754] [jointLog] [info] iteration = 500 | max rel diff. = 6.7212
[2025-05-23 15:13:07.897] [jointLog] [info] iteration = 600 | max rel diff. = 0.504748
[2025-05-23 15:13:08.041] [jointLog] [info] iteration = 700 | max rel diff. = 0.165367
[2025-05-23 15:13:08.184] [jointLog] [info] iteration = 800 | max rel diff. = 0.212198
[2025-05-23 15:13:08.328] [jointLog] [info] iteration = 900 | max rel diff. = 0.264553
[2025-05-23 15:13:08.472] [jointLog] [info] iteration = 1,000 | max rel diff. = 0.0180263
[2025-05-23 15:13:08.615] [jointLog] [info] iteration = 1,100 | max rel diff. = 0.0193358
[2025-05-23 15:13:08.741] [jointLog] [info] iteration = 1,189 | max rel diff. = 0.00227141
[2025-05-23 15:13:08.743] [jointLog] [info] Finished optimizer
[2025-05-23 15:13:08.743] [jointLog] [info] writing output 

